0 info it worked if it ends with ok
1 warn npm npm does not support Node.js v0.12.7
2 warn npm You should probably upgrade to a newer version of node as we
3 warn npm can't make any promises that npm will work with this version.
4 warn npm You can find the latest version at https://nodejs.org/
5 verbose cli [ 'node', '/usr/local/bin/npm', 'start' ]
6 info using npm@4.1.2
7 info using node@v0.12.7
8 verbose run-script [ 'prestart', 'start', 'poststart' ]
9 info lifecycle portofolio@0.0.0~prestart: portofolio@0.0.0
10 silly lifecycle portofolio@0.0.0~prestart: no script for prestart, continuing
11 info lifecycle portofolio@0.0.0~start: portofolio@0.0.0
12 verbose lifecycle portofolio@0.0.0~start: unsafe-perm in lifecycle true
13 verbose lifecycle portofolio@0.0.0~start: PATH: /usr/local/lib/node_modules/npm/bin/node-gyp-bin:/Users/pramonowang/Desktop/Rest/portofolio/node_modules/.bin:/Users/pramonowang/anaconda2/bin:/Users/pramonowang/anaconda/bin:/Library/Frameworks/Python.framework/Versions/3.5/bin:/Users/pramonowang/.rvm/gems/ruby-2.2.4/bin:/Users/pramonowang/.rvm/gems/ruby-2.2.4@global/bin:/Users/pramonowang/.rvm/rubies/ruby-2.2.4/bin:/usr/local/bin:/usr/bin:/bin:/usr/sbin:/sbin:/opt/X11/bin:/Users/pramonowang/.rvm/bin
14 verbose lifecycle portofolio@0.0.0~start: CWD: /Users/pramonowang/Desktop/Rest/portofolio
15 silly lifecycle portofolio@0.0.0~start: Args: [ '-c', 'node ./bin/www' ]
16 silly lifecycle portofolio@0.0.0~start: Returned: code: 1  signal: null
17 info lifecycle portofolio@0.0.0~start: Failed to exec start script
18 verbose stack Error: portofolio@0.0.0 start: `node ./bin/www`
18 verbose stack Exit status 1
18 verbose stack     at EventEmitter.<anonymous> (/usr/local/lib/node_modules/npm/lib/utils/lifecycle.js:279:16)
18 verbose stack     at EventEmitter.emit (events.js:110:17)
18 verbose stack     at ChildProcess.<anonymous> (/usr/local/lib/node_modules/npm/lib/utils/spawn.js:40:14)
18 verbose stack     at ChildProcess.emit (events.js:110:17)
18 verbose stack     at maybeClose (child_process.js:1015:16)
18 verbose stack     at Process.ChildProcess._handle.onexit (child_process.js:1087:5)
19 verbose pkgid portofolio@0.0.0
20 verbose cwd /Users/pramonowang/Desktop/Rest/portofolio
21 error Darwin 16.3.0
22 error argv "node" "/usr/local/bin/npm" "start"
23 error node v0.12.7
24 error npm  v4.1.2
25 error code ELIFECYCLE
26 error portofolio@0.0.0 start: `node ./bin/www`
26 error Exit status 1
27 error Failed at the portofolio@0.0.0 start script 'node ./bin/www'.
27 error Make sure you have the latest version of node.js and npm installed.
27 error If you do, this is most likely a problem with the portofolio package,
27 error not with npm itself.
27 error Tell the author that this fails on your system:
27 error     node ./bin/www
27 error You can get information on how to open an issue for this project with:
27 error     npm bugs portofolio
27 error Or if that isn't available, you can get their info via:
27 error     npm owner ls portofolio
27 error There is likely additional logging output above.
28 verbose exit [ 1, true ]
